  winmain.cpp
c:\users\lêhoàngnam\desktop\baocaogame\underdogproject\gameprogramming\dxgraphics.h(7): fatal error C1083: Cannot open include file: 'd3dx9.h': No such file or directory
  WallPrefab.cpp
c:\users\lêhoàngnam\desktop\baocaogame\underdogproject\gameprogramming\sprite.h(3): fatal error C1083: Cannot open include file: 'd3dx9.h': No such file or directory
  UIScene.cpp
c:\users\lêhoàngnam\desktop\baocaogame\underdogproject\gameprogramming\sprite.h(3): fatal error C1083: Cannot open include file: 'd3dx9.h': No such file or directory
  TriggerPrefab.cpp
c:\users\lêhoàngnam\desktop\baocaogame\underdogproject\gameprogramming\sprite.h(3): fatal error C1083: Cannot open include file: 'd3dx9.h': No such file or directory
  trace.cpp
  StateManager.cpp
c:\users\lêhoàngnam\desktop\baocaogame\underdogproject\gameprogramming\statemanager.cpp(58): warning C4267: '=': conversion from 'size_t' to 'int', possible loss of data
  State.cpp
  StarBulletPrefab.cpp
c:\users\lêhoàngnam\desktop\baocaogame\underdogproject\gameprogramming\sprite.h(3): fatal error C1083: Cannot open include file: 'd3dx9.h': No such file or directory
  StarBullet.cpp
c:\users\lêhoàngnam\desktop\baocaogame\underdogproject\gameprogramming\sprite.h(3): fatal error C1083: Cannot open include file: 'd3dx9.h': No such file or directory
  StairsPrefab.cpp
c:\users\lêhoàngnam\desktop\baocaogame\underdogproject\gameprogramming\sprite.h(3): fatal error C1083: Cannot open include file: 'd3dx9.h': No such file or directory
  sprite.cpp
c:\users\lêhoàngnam\desktop\baocaogame\underdogproject\gameprogramming\sprite.h(3): fatal error C1083: Cannot open include file: 'd3dx9.h': No such file or directory
  SpringBoardPrefab.cpp
c:\users\lêhoàngnam\desktop\baocaogame\underdogproject\gameprogramming\sprite.h(3): fatal error C1083: Cannot open include file: 'd3dx9.h': No such file or directory
  ShopperTextPrefab.cpp
c:\users\lêhoàngnam\desktop\baocaogame\underdogproject\gameprogramming\sprite.h(3): fatal error C1083: Cannot open include file: 'd3dx9.h': No such file or directory
  ShopperPrefab.cpp
c:\users\lêhoàngnam\desktop\baocaogame\underdogproject\gameprogramming\sprite.h(3): fatal error C1083: Cannot open include file: 'd3dx9.h': No such file or directory
  SceneHome.cpp
c:\users\lêhoàngnam\desktop\baocaogame\underdogproject\gameprogramming\sprite.h(3): fatal error C1083: Cannot open include file: 'd3dx9.h': No such file or directory
  Scene2.cpp
c:\users\lêhoàngnam\desktop\baocaogame\underdogproject\gameprogramming\dxgraphics.h(7): fatal error C1083: Cannot open include file: 'd3dx9.h': No such file or directory
  Scene1BackGround.cpp
c:\users\lêhoàngnam\desktop\baocaogame\underdogproject\gameprogramming\sprite.h(3): fatal error C1083: Cannot open include file: 'd3dx9.h': No such file or directory
  Scene1.cpp
c:\users\lêhoàngnam\desktop\baocaogame\underdogproject\gameprogramming\sprite.h(3): fatal error C1083: Cannot open include file: 'd3dx9.h': No such file or directory
  RopePrefab.cpp
c:\users\lêhoàngnam\desktop\baocaogame\underdogproject\gameprogramming\sprite.h(3): fatal error C1083: Cannot open include file: 'd3dx9.h': No such file or directory
  Quadtree.cpp
c:\users\lêhoàngnam\desktop\baocaogame\underdogproject\gameprogramming\sprite.h(3): fatal error C1083: Cannot open include file: 'd3dx9.h': No such file or directory
  Generating Code...
  Compiling...
  PotPrefab.cpp
c:\users\lêhoàngnam\desktop\baocaogame\underdogproject\gameprogramming\sprite.h(3): fatal error C1083: Cannot open include file: 'd3dx9.h': No such file or directory
  Pot.cpp
c:\users\lêhoàngnam\desktop\baocaogame\underdogproject\gameprogramming\sprite.h(3): fatal error C1083: Cannot open include file: 'd3dx9.h': No such file or directory
  JafarPrefab.cpp
c:\users\lêhoàngnam\desktop\baocaogame\underdogproject\gameprogramming\gameobjectmove.h(2): warning C4067: unexpected tokens following preprocessor directive - expected a newline
c:\users\lêhoàngnam\desktop\baocaogame\underdogproject\gameprogramming\sprite.h(3): fatal error C1083: Cannot open include file: 'd3dx9.h': No such file or directory
  HorizontalBarPrefab.cpp
c:\users\lêhoàngnam\desktop\baocaogame\underdogproject\gameprogramming\sprite.h(3): fatal error C1083: Cannot open include file: 'd3dx9.h': No such file or directory
  HeartPrefab.cpp
c:\users\lêhoàngnam\desktop\baocaogame\underdogproject\gameprogramming\heartprefab.h(2): warning C4067: unexpected tokens following preprocessor directive - expected a newline
c:\users\lêhoàngnam\desktop\baocaogame\underdogproject\gameprogramming\sprite.h(3): fatal error C1083: Cannot open include file: 'd3dx9.h': No such file or directory
  GroundPrefab.cpp
c:\users\lêhoàngnam\desktop\baocaogame\underdogproject\gameprogramming\sprite.h(3): fatal error C1083: Cannot open include file: 'd3dx9.h': No such file or directory
  GenieLampPrefab.cpp
c:\users\lêhoàngnam\desktop\baocaogame\underdogproject\gameprogramming\genielampprefab.h(2): warning C4067: unexpected tokens following preprocessor directive - expected a newline
c:\users\lêhoàngnam\desktop\baocaogame\underdogproject\gameprogramming\sprite.h(3): fatal error C1083: Cannot open include file: 'd3dx9.h': No such file or directory
  GenieFacePrefab.cpp
c:\users\lêhoàngnam\desktop\baocaogame\underdogproject\gameprogramming\geniefaceprefab.h(2): warning C4067: unexpected tokens following preprocessor directive - expected a newline
c:\users\lêhoàngnam\desktop\baocaogame\underdogproject\gameprogramming\sprite.h(3): fatal error C1083: Cannot open include file: 'd3dx9.h': No such file or directory
  GameTime.cpp
  GameObjectMove.cpp
c:\users\lêhoàngnam\desktop\baocaogame\underdogproject\gameprogramming\gameobjectmove.h(2): warning C4067: unexpected tokens following preprocessor directive - expected a newline
c:\users\lêhoàngnam\desktop\baocaogame\underdogproject\gameprogramming\sprite.h(3): fatal error C1083: Cannot open include file: 'd3dx9.h': No such file or directory
  GameObject.cpp
c:\users\lêhoàngnam\desktop\baocaogame\underdogproject\gameprogramming\sprite.h(3): fatal error C1083: Cannot open include file: 'd3dx9.h': No such file or directory
  GameManager.cpp
c:\users\lêhoàngnam\desktop\baocaogame\underdogproject\gameprogramming\dxgraphics.h(7): fatal error C1083: Cannot open include file: 'd3dx9.h': No such file or directory
  game.cpp
c:\users\lêhoàngnam\desktop\baocaogame\underdogproject\gameprogramming\dxgraphics.h(7): fatal error C1083: Cannot open include file: 'd3dx9.h': No such file or directory
  FloatGroundPrefab.cpp
c:\users\lêhoàngnam\desktop\baocaogame\underdogproject\gameprogramming\sprite.h(3): fatal error C1083: Cannot open include file: 'd3dx9.h': No such file or directory
  FireGroundPrefab.cpp
c:\users\lêhoàngnam\desktop\baocaogame\underdogproject\gameprogramming\sprite.h(3): fatal error C1083: Cannot open include file: 'd3dx9.h': No such file or directory
  FireBulletPrefab.cpp
c:\users\lêhoàngnam\desktop\baocaogame\underdogproject\gameprogramming\sprite.h(3): fatal error C1083: Cannot open include file: 'd3dx9.h': No such file or directory
  ExplosionPrefab.cpp
c:\users\lêhoàngnam\desktop\baocaogame\underdogproject\gameprogramming\sprite.h(3): fatal error C1083: Cannot open include file: 'd3dx9.h': No such file or directory
  EnemyThinPrefab.cpp
c:\users\lêhoàngnam\desktop\baocaogame\underdogproject\gameprogramming\enemythinprefab.h(2): warning C4067: unexpected tokens following preprocessor directive - expected a newline
c:\users\lêhoàngnam\desktop\baocaogame\underdogproject\gameprogramming\gameobjectmove.h(2): warning C4067: unexpected tokens following preprocessor directive - expected a newline
c:\users\lêhoàngnam\desktop\baocaogame\underdogproject\gameprogramming\sprite.h(3): fatal error C1083: Cannot open include file: 'd3dx9.h': No such file or directory
  EnemyMusPrefab.cpp
c:\users\lêhoàngnam\desktop\baocaogame\underdogproject\gameprogramming\enemymusprefab.h(2): warning C4067: unexpected tokens following preprocessor directive - expected a newline
c:\users\lêhoàngnam\desktop\baocaogame\underdogproject\gameprogramming\gameobjectmove.h(2): warning C4067: unexpected tokens following preprocessor directive - expected a newline
c:\users\lêhoàngnam\desktop\baocaogame\underdogproject\gameprogramming\sprite.h(3): fatal error C1083: Cannot open include file: 'd3dx9.h': No such file or directory
  EnemyJugPrefab.cpp
c:\users\lêhoàngnam\desktop\baocaogame\underdogproject\gameprogramming\enemyjugprefab.h(2): warning C4067: unexpected tokens following preprocessor directive - expected a newline
c:\users\lêhoàngnam\desktop\baocaogame\underdogproject\gameprogramming\gameobjectmove.h(2): warning C4067: unexpected tokens following preprocessor directive - expected a newline
c:\users\lêhoàngnam\desktop\baocaogame\underdogproject\gameprogramming\sprite.h(3): fatal error C1083: Cannot open include file: 'd3dx9.h': No such file or directory
  Generating Code...
  Compiling...
  EnemyJarPrefab.cpp
c:\users\lêhoàngnam\desktop\baocaogame\underdogproject\gameprogramming\enemyjarprefab.h(2): warning C4067: unexpected tokens following preprocessor directive - expected a newline
c:\users\lêhoàngnam\desktop\baocaogame\underdogproject\gameprogramming\gameobjectmove.h(2): warning C4067: unexpected tokens following preprocessor directive - expected a newline
c:\users\lêhoàngnam\desktop\baocaogame\underdogproject\gameprogramming\sprite.h(3): fatal error C1083: Cannot open include file: 'd3dx9.h': No such file or directory
  EnemyHandPrefab.cpp
c:\users\lêhoàngnam\desktop\baocaogame\underdogproject\gameprogramming\enemyhandprefab.h(2): warning C4067: unexpected tokens following preprocessor directive - expected a newline
c:\users\lêhoàngnam\desktop\baocaogame\underdogproject\gameprogramming\gameobjectmove.h(2): warning C4067: unexpected tokens following preprocessor directive - expected a newline
c:\users\lêhoàngnam\desktop\baocaogame\underdogproject\gameprogramming\sprite.h(3): fatal error C1083: Cannot open include file: 'd3dx9.h': No such file or directory
  EnemyFatPrefab.cpp
c:\users\lêhoàngnam\desktop\baocaogame\underdogproject\gameprogramming\enemyfatprefab.h(2): warning C4067: unexpected tokens following preprocessor directive - expected a newline
c:\users\lêhoàngnam\desktop\baocaogame\underdogproject\gameprogramming\gameobjectmove.h(2): warning C4067: unexpected tokens following preprocessor directive - expected a newline
c:\users\lêhoàngnam\desktop\baocaogame\underdogproject\gameprogramming\sprite.h(3): fatal error C1083: Cannot open include file: 'd3dx9.h': No such file or directory
  dxinput.cpp
  c:\program files (x86)\windows kits\10\include\10.0.15063.0\um\dinput.h: DIRECTINPUT_VERSION undefined. Defaulting to version 0x0800
  dxgraphics.cpp
c:\users\lêhoàngnam\desktop\baocaogame\underdogproject\gameprogramming\dxgraphics.cpp(5): fatal error C1083: Cannot open include file: 'd3dx9.h': No such file or directory
  dxaudio.cpp
c:\users\lêhoàngnam\desktop\baocaogame\underdogproject\gameprogramming\dxaudio.cpp(18): fatal error C1083: Cannot open include file: 'dxerr.h': No such file or directory
  DiamondPrefab.cpp
c:\users\lêhoàngnam\desktop\baocaogame\underdogproject\gameprogramming\diamondprefab.h(2): warning C4067: unexpected tokens following preprocessor directive - expected a newline
c:\users\lêhoàngnam\desktop\baocaogame\underdogproject\gameprogramming\sprite.h(3): fatal error C1083: Cannot open include file: 'd3dx9.h': No such file or directory
  CheckpointJarPrefab.cpp
c:\users\lêhoàngnam\desktop\baocaogame\underdogproject\gameprogramming\checkpointjarprefab.h(2): warning C4067: unexpected tokens following preprocessor directive - expected a newline
c:\users\lêhoàngnam\desktop\baocaogame\underdogproject\gameprogramming\sprite.h(3): fatal error C1083: Cannot open include file: 'd3dx9.h': No such file or directory
  CeilingPrefab.cpp
c:\users\lêhoàngnam\desktop\baocaogame\underdogproject\gameprogramming\sprite.h(3): fatal error C1083: Cannot open include file: 'd3dx9.h': No such file or directory
  Camera.cpp
c:\users\lêhoàngnam\desktop\baocaogame\underdogproject\gameprogramming\dxgraphics.h(7): fatal error C1083: Cannot open include file: 'd3dx9.h': No such file or directory
  CamelPrefab.cpp
c:\users\lêhoàngnam\desktop\baocaogame\underdogproject\gameprogramming\camelprefab.h(3): warning C4067: unexpected tokens following preprocessor directive - expected a newline
c:\users\lêhoàngnam\desktop\baocaogame\underdogproject\gameprogramming\gameobjectmove.h(2): warning C4067: unexpected tokens following preprocessor directive - expected a newline
c:\users\lêhoàngnam\desktop\baocaogame\underdogproject\gameprogramming\sprite.h(3): fatal error C1083: Cannot open include file: 'd3dx9.h': No such file or directory
  BurningEffectPrefab.cpp
c:\users\lêhoàngnam\desktop\baocaogame\underdogproject\gameprogramming\sprite.h(3): fatal error C1083: Cannot open include file: 'd3dx9.h': No such file or directory
  BulletPrefab.cpp
c:\users\lêhoàngnam\desktop\baocaogame\underdogproject\gameprogramming\sprite.h(3): fatal error C1083: Cannot open include file: 'd3dx9.h': No such file or directory
  ApplePrefab.cpp
c:\users\lêhoàngnam\desktop\baocaogame\underdogproject\gameprogramming\sprite.h(3): fatal error C1083: Cannot open include file: 'd3dx9.h': No such file or directory
  Aladdin.cpp
c:\users\lêhoàngnam\desktop\baocaogame\underdogproject\gameprogramming\sprite.h(3): fatal error C1083: Cannot open include file: 'd3dx9.h': No such file or directory
  AbuPrefab.cpp
c:\users\lêhoàngnam\desktop\baocaogame\underdogproject\gameprogramming\sprite.h(3): fatal error C1083: Cannot open include file: 'd3dx9.h': No such file or directory
  AbuFacePrefab.cpp
c:\users\lêhoàngnam\desktop\baocaogame\underdogproject\gameprogramming\abufaceprefab.h(2): warning C4067: unexpected tokens following preprocessor directive - expected a newline
c:\users\lêhoàngnam\desktop\baocaogame\underdogproject\gameprogramming\sprite.h(3): fatal error C1083: Cannot open include file: 'd3dx9.h': No such file or directory
  AABB.cpp
c:\users\lêhoàngnam\desktop\baocaogame\underdogproject\gameprogramming\sprite.h(3): fatal error C1083: Cannot open include file: 'd3dx9.h': No such file or directory
  Generating Code...
